TN:
SF:C:\Users\roygi\WebstormProjects\BinaryTree\src\trees\BinaryNode.js
FN:7,(anonymous_0)
FN:7,defineProperties
FN:7,(anonymous_2)
FN:9,_classCallCheck
FN:11,(anonymous_4)
FN:12,BinaryNode
FN:23,set
FN:26,get
FN:31,set
FN:34,get
FN:39,set
FN:42,get
FN:47,set
FN:50,get
FNF:14
FNH:14
FNDA:1,(anonymous_0)
FNDA:1,defineProperties
FNDA:1,(anonymous_2)
FNDA:123,_classCallCheck
FNDA:1,(anonymous_4)
FNDA:123,BinaryNode
FNDA:2,set
FNDA:297,get
FNDA:92,set
FNDA:634,get
FNDA:219,set
FNDA:799,get
FNDA:284,set
FNDA:590,get
DA:3,1
DA:7,4
DA:9,123
DA:11,1
DA:13,123
DA:15,123
DA:16,123
DA:17,123
DA:18,123
DA:21,1
DA:24,2
DA:27,297
DA:32,92
DA:35,634
DA:40,219
DA:43,799
DA:48,284
DA:51,590
DA:55,1
DA:58,1
LF:20
LH:20
BRDA:7,0,0,4
BRDA:7,0,1,4
BRDA:7,1,0,0
BRDA:7,1,1,4
BRDA:7,2,0,1
BRDA:7,2,1,0
BRDA:7,3,0,0
BRDA:7,3,1,1
BRDA:9,4,0,0
BRDA:9,4,1,123
BRF:10
BRH:6
end_of_record
TN:
SF:C:\Users\roygi\WebstormProjects\BinaryTree\src\trees\BinaryTree.js
FN:7,(anonymous_0)
FN:7,defineProperties
FN:7,(anonymous_2)
FN:13,_interopRequireDefault
FN:15,_classCallCheck
FN:17,(anonymous_5)
FN:18,BinaryTree
FN:26,insert
FN:31,insertNode
FN:50,balancing
FN:73,preOrder
FN:78,postOrder
FN:83,inOrder
FN:88,preOrderNode
FN:97,postOrderNode
FN:106,inOrderNode
FN:115,get
FN:120,set
FN:125,getHeight
FN:130,height
FN:135,rightRotation
FN:145,leftRotation
FN:155,leftRightRotation
FN:161,rightLeftRotation
FNF:24
FNH:24
FNDA:1,(anonymous_0)
FNDA:2,defineProperties
FNDA:1,(anonymous_2)
FNDA:1,_interopRequireDefault
FNDA:18,_classCallCheck
FNDA:1,(anonymous_5)
FNDA:18,BinaryTree
FNDA:35,insert
FNDA:122,insertNode
FNDA:81,balancing
FNDA:3,preOrder
FNDA:2,postOrder
FNDA:6,inOrder
FNDA:30,preOrderNode
FNDA:45,postOrderNode
FNDA:102,inOrderNode
FNDA:8,get
FNDA:11,set
FNDA:896,getHeight
FNDA:282,height
FNDA:13,rightRotation
FNDA:45,leftRotation
FNDA:3,leftRightRotation
FNDA:7,rightLeftRotation
DA:3,1
DA:7,17
DA:9,1
DA:11,1
DA:13,1
DA:15,18
DA:17,1
DA:19,18
DA:21,18
DA:24,1
DA:27,35
DA:33,122
DA:34,41
DA:37,81
DA:38,21
DA:41,81
DA:42,57
DA:45,81
DA:46,81
DA:51,81
DA:53,81
DA:54,1
DA:57,80
DA:58,10
DA:61,70
DA:62,1
DA:65,69
DA:66,5
DA:69,64
DA:74,3
DA:79,2
DA:84,6
DA:89,30
DA:90,14
DA:91,14
DA:92,14
DA:98,45
DA:99,21
DA:100,21
DA:101,21
DA:107,102
DA:108,48
DA:109,48
DA:110,48
DA:116,8
DA:121,11
DA:126,896
DA:131,282
DA:136,13
DA:137,13
DA:138,13
DA:139,13
DA:140,13
DA:141,13
DA:146,45
DA:147,45
DA:148,45
DA:149,45
DA:150,45
DA:151,45
DA:156,3
DA:157,3
DA:162,7
DA:163,7
DA:167,1
DA:170,1
LF:66
LH:66
BRDA:7,0,0,17
BRDA:7,0,1,17
BRDA:7,1,0,15
BRDA:7,1,1,2
BRDA:7,2,0,1
BRDA:7,2,1,0
BRDA:7,3,0,1
BRDA:7,3,1,0
BRDA:13,4,0,1
BRDA:13,4,1,0
BRDA:13,5,0,1
BRDA:13,5,1,1
BRDA:15,6,0,0
BRDA:15,6,1,18
BRDA:33,7,0,41
BRDA:33,7,1,81
BRDA:37,8,0,21
BRDA:37,8,1,60
BRDA:41,9,0,57
BRDA:41,9,1,24
BRDA:53,10,0,1
BRDA:53,10,1,80
BRDA:53,11,0,81
BRDA:53,11,1,2
BRDA:57,12,0,10
BRDA:57,12,1,70
BRDA:57,13,0,80
BRDA:57,13,1,15
BRDA:61,14,0,1
BRDA:61,14,1,69
BRDA:61,15,0,70
BRDA:61,15,1,1
BRDA:65,16,0,5
BRDA:65,16,1,64
BRDA:65,17,0,69
BRDA:65,17,1,5
BRDA:89,18,0,14
BRDA:89,18,1,16
BRDA:98,19,0,21
BRDA:98,19,1,24
BRDA:107,20,0,48
BRDA:107,20,1,54
BRDA:126,21,0,308
BRDA:126,21,1,588
BRF:44
BRH:40
end_of_record
TN:
SF:C:\Users\roygi\WebstormProjects\BinaryTree\src\trees\IndexerNode.js
FN:7,(anonymous_0)
FN:7,defineProperties
FN:7,(anonymous_2)
FN:13,_interopRequireDefault
FN:15,_classCallCheck
FN:17,_possibleConstructorReturn
FN:19,_inherits
FN:21,(anonymous_7)
FN:24,IndexerNode
FN:35,get
FNF:10
FNH:10
FNDA:1,(anonymous_0)
FNDA:1,defineProperties
FNDA:1,(anonymous_2)
FNDA:1,_interopRequireDefault
FNDA:67,_classCallCheck
FNDA:67,_possibleConstructorReturn
FNDA:1,_inherits
FNDA:1,(anonymous_7)
FNDA:67,IndexerNode
FNDA:23,get
DA:3,1
DA:7,1
DA:9,1
DA:11,1
DA:13,1
DA:15,67
DA:17,67
DA:19,1
DA:21,1
DA:22,1
DA:25,67
DA:27,67
DA:29,67
DA:30,67
DA:33,1
DA:36,23
DA:40,1
DA:43,1
LF:18
LH:18
BRDA:7,0,0,1
BRDA:7,0,1,1
BRDA:7,1,0,0
BRDA:7,1,1,1
BRDA:7,2,0,1
BRDA:7,2,1,0
BRDA:7,3,0,0
BRDA:7,3,1,1
BRDA:13,4,0,1
BRDA:13,4,1,0
BRDA:13,5,0,1
BRDA:13,5,1,1
BRDA:15,6,0,0
BRDA:15,6,1,67
BRDA:17,7,0,0
BRDA:17,7,1,67
BRDA:17,8,0,0
BRDA:17,8,1,67
BRDA:17,9,0,67
BRDA:17,9,1,0
BRDA:17,9,2,0
BRDA:19,10,0,0
BRDA:19,10,1,1
BRDA:19,11,0,1
BRDA:19,11,1,0
BRDA:19,12,0,1
BRDA:19,12,1,1
BRDA:19,13,0,1
BRDA:19,13,1,0
BRDA:19,14,0,1
BRDA:19,14,1,0
BRDA:27,15,0,67
BRDA:27,15,1,0
BRF:33
BRH:19
end_of_record
TN:
SF:C:\Users\roygi\WebstormProjects\BinaryTree\src\trees\IndexerTree.js
FN:7,(anonymous_0)
FN:7,defineProperties
FN:7,(anonymous_2)
FN:17,_interopRequireDefault
FN:19,_classCallCheck
FN:21,_possibleConstructorReturn
FN:23,_inherits
FN:25,(anonymous_7)
FN:28,IndexerTree
FN:40,insert
FN:45,insertNode
FN:57,balancing
FN:68,sort
FN:70,(anonymous_13)
FNF:14
FNH:14
FNDA:1,(anonymous_0)
FNDA:1,defineProperties
FNDA:1,(anonymous_2)
FNDA:2,_interopRequireDefault
FNDA:9,_classCallCheck
FNDA:9,_possibleConstructorReturn
FNDA:1,_inherits
FNDA:1,(anonymous_7)
FNDA:9,IndexerTree
FNDA:34,insert
FNDA:137,insertNode
FNDA:85,balancing
FNDA:1,sort
FNDA:7,(anonymous_13)
DA:3,1
DA:7,4
DA:9,1
DA:11,1
DA:13,1
DA:15,1
DA:17,2
DA:19,9
DA:21,9
DA:23,1
DA:25,1
DA:26,1
DA:29,9
DA:31,9
DA:33,9
DA:34,9
DA:35,9
DA:38,1
DA:41,34
DA:47,137
DA:48,52
DA:51,85
DA:52,85
DA:53,85
DA:58,85
DA:60,85
DA:61,23
DA:64,62
DA:69,1
DA:70,1
DA:71,7
DA:73,1
DA:74,1
DA:78,1
DA:81,1
LF:35
LH:35
BRDA:7,0,0,4
BRDA:7,0,1,4
BRDA:7,1,0,4
BRDA:7,1,1,0
BRDA:7,2,0,1
BRDA:7,2,1,0
BRDA:7,3,0,0
BRDA:7,3,1,1
BRDA:17,4,0,2
BRDA:17,4,1,0
BRDA:17,5,0,2
BRDA:17,5,1,2
BRDA:19,6,0,0
BRDA:19,6,1,9
BRDA:21,7,0,0
BRDA:21,7,1,9
BRDA:21,8,0,0
BRDA:21,8,1,9
BRDA:21,9,0,9
BRDA:21,9,1,0
BRDA:21,9,2,0
BRDA:23,10,0,0
BRDA:23,10,1,1
BRDA:23,11,0,1
BRDA:23,11,1,0
BRDA:23,12,0,1
BRDA:23,12,1,1
BRDA:23,13,0,1
BRDA:23,13,1,0
BRDA:23,14,0,1
BRDA:23,14,1,0
BRDA:31,15,0,9
BRDA:31,15,1,0
BRDA:47,16,0,52
BRDA:47,16,1,85
BRDA:60,17,0,23
BRDA:60,17,1,62
BRDA:60,18,0,85
BRDA:60,18,1,23
BRF:39
BRH:25
end_of_record
TN:
SF:C:\Users\roygi\WebstormProjects\BinaryTree\test\BinaryNodeTest.js
FN:9,_interopRequireDefault
FN:11,(anonymous_1)
FN:12,(anonymous_2)
FN:21,(anonymous_3)
FN:29,(anonymous_4)
FN:38,(anonymous_5)
FNF:6
FNH:6
FNDA:1,_interopRequireDefault
FNDA:1,(anonymous_1)
FNDA:1,(anonymous_2)
FNDA:1,(anonymous_3)
FNDA:1,(anonymous_4)
FNDA:1,(anonymous_5)
DA:3,1
DA:5,1
DA:7,1
DA:9,1
DA:11,1
DA:12,1
DA:13,1
DA:14,1
DA:15,1
DA:16,1
DA:17,1
DA:18,1
DA:21,1
DA:22,1
DA:23,1
DA:24,1
DA:25,1
DA:26,1
DA:29,1
DA:30,1
DA:31,1
DA:32,1
DA:33,1
DA:34,1
DA:35,1
DA:38,1
DA:39,1
DA:40,1
DA:41,1
DA:42,1
DA:43,1
DA:44,1
LF:32
LH:32
BRDA:9,0,0,1
BRDA:9,0,1,0
BRDA:9,1,0,1
BRDA:9,1,1,1
BRF:4
BRH:3
end_of_record
TN:
SF:C:\Users\roygi\WebstormProjects\BinaryTree\test\BinaryTreeTest.js
FN:13,_interopRequireDefault
FN:15,(anonymous_1)
FN:17,(anonymous_2)
FN:31,(anonymous_3)
FN:46,(anonymous_4)
FN:61,(anonymous_5)
FN:76,(anonymous_6)
FN:78,(anonymous_7)
FN:92,(anonymous_8)
FN:94,(anonymous_9)
FN:108,(anonymous_10)
FN:110,(anonymous_11)
FN:128,(anonymous_12)
FN:130,(anonymous_13)
FNF:14
FNH:14
FNDA:2,_interopRequireDefault
FNDA:1,(anonymous_1)
FNDA:1,(anonymous_2)
FNDA:1,(anonymous_3)
FNDA:1,(anonymous_4)
FNDA:1,(anonymous_5)
FNDA:1,(anonymous_6)
FNDA:7,(anonymous_7)
FNDA:1,(anonymous_8)
FNDA:7,(anonymous_9)
FNDA:1,(anonymous_10)
FNDA:9,(anonymous_11)
FNDA:1,(anonymous_12)
FNDA:7,(anonymous_13)
DA:3,1
DA:5,1
DA:7,1
DA:9,1
DA:11,1
DA:13,2
DA:15,1
DA:17,1
DA:18,1
DA:19,1
DA:20,1
DA:21,1
DA:23,1
DA:24,1
DA:25,1
DA:27,1
DA:28,1
DA:31,1
DA:32,1
DA:33,1
DA:34,1
DA:35,1
DA:37,1
DA:38,1
DA:40,1
DA:42,1
DA:43,1
DA:46,1
DA:47,1
DA:48,1
DA:49,1
DA:50,1
DA:52,1
DA:53,1
DA:55,1
DA:57,1
DA:58,1
DA:61,1
DA:62,1
DA:63,1
DA:64,1
DA:65,1
DA:67,1
DA:68,1
DA:70,1
DA:72,1
DA:73,1
DA:76,1
DA:77,1
DA:78,1
DA:79,7
DA:81,1
DA:82,1
DA:83,1
DA:84,1
DA:85,1
DA:86,1
DA:87,1
DA:88,1
DA:89,1
DA:92,1
DA:93,1
DA:94,1
DA:95,7
DA:97,1
DA:98,1
DA:99,1
DA:100,1
DA:101,1
DA:102,1
DA:103,1
DA:104,1
DA:105,1
DA:108,1
DA:109,1
DA:110,1
DA:111,9
DA:113,1
DA:114,1
DA:115,1
DA:116,1
DA:117,1
DA:118,1
DA:119,1
DA:120,1
DA:121,1
DA:122,1
DA:123,1
DA:124,1
DA:125,1
DA:128,1
DA:129,1
DA:130,1
DA:131,7
DA:133,1
DA:134,1
DA:135,1
DA:136,1
DA:137,1
DA:138,1
DA:139,1
DA:140,1
DA:141,1
LF:103
LH:103
BRDA:13,0,0,2
BRDA:13,0,1,0
BRDA:13,1,0,2
BRDA:13,1,1,2
BRF:4
BRH:3
end_of_record
TN:
SF:C:\Users\roygi\WebstormProjects\BinaryTree\test\IndexerNodeTest.js
FN:9,_interopRequireDefault
FN:11,(anonymous_1)
FN:12,(anonymous_2)
FN:21,(anonymous_3)
FN:29,(anonymous_4)
FN:38,(anonymous_5)
FNF:6
FNH:6
FNDA:1,_interopRequireDefault
FNDA:1,(anonymous_1)
FNDA:1,(anonymous_2)
FNDA:1,(anonymous_3)
FNDA:1,(anonymous_4)
FNDA:1,(anonymous_5)
DA:3,1
DA:5,1
DA:7,1
DA:9,1
DA:11,1
DA:12,1
DA:13,1
DA:14,1
DA:15,1
DA:16,1
DA:17,1
DA:18,1
DA:21,1
DA:22,1
DA:23,1
DA:24,1
DA:25,1
DA:26,1
DA:29,1
DA:30,1
DA:31,1
DA:32,1
DA:33,1
DA:34,1
DA:35,1
DA:38,1
DA:39,1
DA:40,1
DA:41,1
DA:42,1
DA:43,1
DA:44,1
LF:32
LH:32
BRDA:9,0,0,1
BRDA:9,0,1,0
BRDA:9,1,0,1
BRDA:9,1,1,1
BRF:4
BRH:3
end_of_record
TN:
SF:C:\Users\roygi\WebstormProjects\BinaryTree\test\IndexerTreeTest.js
FN:17,_interopRequireDefault
FN:19,(anonymous_1)
FN:21,(anonymous_2)
FN:35,(anonymous_3)
FN:50,(anonymous_4)
FN:65,(anonymous_5)
FN:80,(anonymous_6)
FN:82,(anonymous_7)
FN:96,(anonymous_8)
FN:98,(anonymous_9)
FN:112,(anonymous_10)
FN:114,(anonymous_11)
FN:132,(anonymous_12)
FN:134,(anonymous_13)
FN:148,(anonymous_14)
FN:150,(anonymous_15)
FN:164,(anonymous_16)
FNF:17
FNH:17
FNDA:3,_interopRequireDefault
FNDA:1,(anonymous_1)
FNDA:1,(anonymous_2)
FNDA:1,(anonymous_3)
FNDA:1,(anonymous_4)
FNDA:1,(anonymous_5)
FNDA:1,(anonymous_6)
FNDA:7,(anonymous_7)
FNDA:1,(anonymous_8)
FNDA:7,(anonymous_9)
FNDA:1,(anonymous_10)
FNDA:11,(anonymous_11)
FNDA:1,(anonymous_12)
FNDA:7,(anonymous_13)
FNDA:1,(anonymous_14)
FNDA:7,(anonymous_15)
FNDA:7,(anonymous_16)
DA:3,1
DA:5,1
DA:7,1
DA:9,1
DA:11,1
DA:13,1
DA:15,1
DA:17,3
DA:19,1
DA:21,1
DA:22,1
DA:23,1
DA:24,1
DA:25,1
DA:27,1
DA:28,1
DA:29,1
DA:31,1
DA:32,1
DA:35,1
DA:36,1
DA:37,1
DA:38,1
DA:39,1
DA:41,1
DA:42,1
DA:44,1
DA:46,1
DA:47,1
DA:50,1
DA:51,1
DA:52,1
DA:53,1
DA:54,1
DA:56,1
DA:57,1
DA:59,1
DA:61,1
DA:62,1
DA:65,1
DA:66,1
DA:67,1
DA:68,1
DA:69,1
DA:71,1
DA:72,1
DA:74,1
DA:76,1
DA:77,1
DA:80,1
DA:81,1
DA:82,1
DA:83,7
DA:85,1
DA:86,1
DA:87,1
DA:88,1
DA:89,1
DA:90,1
DA:91,1
DA:92,1
DA:93,1
DA:96,1
DA:97,1
DA:98,1
DA:99,7
DA:101,1
DA:102,1
DA:103,1
DA:104,1
DA:105,1
DA:106,1
DA:107,1
DA:108,1
DA:109,1
DA:112,1
DA:113,1
DA:114,1
DA:115,11
DA:117,1
DA:118,1
DA:119,1
DA:120,1
DA:121,1
DA:122,1
DA:123,1
DA:124,1
DA:125,1
DA:126,1
DA:127,1
DA:128,1
DA:129,1
DA:132,1
DA:133,1
DA:134,1
DA:135,7
DA:137,1
DA:138,1
DA:139,1
DA:140,1
DA:141,1
DA:142,1
DA:143,1
DA:144,1
DA:145,1
DA:148,1
DA:149,1
DA:150,1
DA:151,7
DA:153,1
DA:154,1
DA:155,1
DA:156,1
DA:157,1
DA:158,1
DA:159,1
DA:160,1
DA:161,1
DA:162,1
DA:163,1
DA:164,1
DA:165,7
DA:167,1
DA:168,1
LF:124
LH:124
BRDA:17,0,0,3
BRDA:17,0,1,0
BRDA:17,1,0,3
BRDA:17,1,1,3
BRF:4
BRH:3
end_of_record
